* experiment: 3 ***:
  * function: sphere:
    runtime: 3.23221e+02.
  * function: cigar:
    runtime: 7.84836e+02.
  * function: discus:
    runtime: 1.08025e+04.
  * function: cigar_discus:
    runtime: 6.37224e+02.
  * function: ellipsoid:
    runtime: 1.08022e+04.
  * function: different_powers:
    runtime: 1.08022e+04.
  * function: schwefel221:
    runtime: 1.08026e+04.
  * function: step:
    runtime: 1.08027e+04.
  * function: rosenbrock:
    runtime: 1.08024e+04.
  * function: schwefel12:
    runtime: 1.08005e+04.
*** Total runtime: 7.73602e+04 ***.
