* experiment: 2 ***:
  * function: sphere:
    runtime: 3.25766e+02.
  * function: cigar:
    runtime: 7.86588e+02.
  * function: discus:
    runtime: 1.08026e+04.
  * function: cigar_discus:
    runtime: 6.70905e+02.
  * function: ellipsoid:
    runtime: 1.08023e+04.
  * function: different_powers:
    runtime: 1.08023e+04.
  * function: schwefel221:
    runtime: 1.08027e+04.
  * function: step:
    runtime: 1.08025e+04.
  * function: rosenbrock:
    runtime: 1.08023e+04.
  * function: schwefel12:
    runtime: 1.08003e+04.
*** Total runtime: 7.73983e+04 ***.
