* experiment: 4 ***:
  * function: sphere:
    runtime: 1.08232e+04.
  * function: cigar:
    runtime: 1.08394e+04.
  * function: discus:
    runtime: 1.08177e+04.
  * function: cigar_discus:
    runtime: 1.08089e+04.
  * function: ellipsoid:
    runtime: 1.08328e+04.
  * function: different_powers:
    runtime: 1.08452e+04.
  * function: schwefel221:
    runtime: 1.08505e+04.
  * function: step:
    runtime: 1.08319e+04.
  * function: rosenbrock:
    runtime: 1.08216e+04.
  * function: schwefel12:
    runtime: 1.08538e+04.
*** Total runtime: 1.08325e+05 ***.
