* experiment: 2 ***:
  * function: sphere:
    runtime: 1.08220e+04.
  * function: cigar:
    runtime: 1.08029e+04.
  * function: discus:
    runtime: 1.08193e+04.
  * function: cigar_discus:
    runtime: 1.08429e+04.
  * function: ellipsoid:
    runtime: 1.08209e+04.
  * function: different_powers:
    runtime: 1.08079e+04.
  * function: schwefel221:
    runtime: 1.08496e+04.
  * function: step:
    runtime: 1.08259e+04.
  * function: rosenbrock:
    runtime: 1.08529e+04.
  * function: schwefel12:
    runtime: 1.08171e+04.
*** Total runtime: 1.08261e+05 ***.
