* experiment: 1 ***:
  * function: sphere:
    runtime: 1.08530e+04.
  * function: cigar:
    runtime: 1.08145e+04.
  * function: discus:
    runtime: 1.08222e+04.
  * function: cigar_discus:
    runtime: 1.08311e+04.
  * function: ellipsoid:
    runtime: 1.08287e+04.
  * function: different_powers:
    runtime: 1.08331e+04.
  * function: schwefel221:
    runtime: 1.08012e+04.
  * function: step:
    runtime: 1.08057e+04.
  * function: rosenbrock:
    runtime: 1.08061e+04.
  * function: schwefel12:
    runtime: 1.08516e+04.
*** Total runtime: 1.08247e+05 ***.
